----------------------------------------
Fecha: 1/8/2020 - Hora: 22:23
(1) : 0
(2) : 0
(3) : 0
(4) : 0
(5) : 0
(6) : 0
(7) : 0
(8) : 0
(9) : 0
(10) : 0
----------------------------------------
Fecha: 1/15/2020 - Hora: 18:0
(1) : 0
(2) : 0
(3) : 0
(4) : 0
(5) : 0
(6) : 0
(7) : 0
(8) : 0
(9) : 0
(10) : 0
----------------------------------------
Fecha: 1/15/2020 - Hora: 18:28
(1) : 0
(2) : 0
(3) : 0
(4) : 0
(5) : 0
(6) : 0
(7) : 0
(8) : 0
(9) : 0
(10) : 0
----------------------------------------
Fecha: 1/15/2020 - Hora: 18:43
(1) : 0
(2) : 0
(3) : 0
(4) : 0
(5) : 0
(6) : 0
(7) : 0
(8) : 0
(9) : 0
(10) : 0
----------------------------------------
Fecha: 1/16/2020 - Hora: 18:16
(1) : 0
(2) : 0
(3) : 0
(4) : 0
(5) : 0
(6) : 0
(7) : 0
(8) : 0
(9) : 0
(10) : 0
----------------------------------------
Fecha: 1/18/2020 - Hora: 9:26
(1) : 0
(2) : 0
(3) : 0
(4) : 0
(5) : 0
(6) : 0
(7) : 0
(8) : 0
(9) : 0
(10) : 0
