18. January 2020 | 17:55:11 | 0 IP-bans have been loaded.
18. January 2020 | 17:55:11 | 0 temporary bans have been loaded.
18. January 2020 | 17:55:11 | 0 whitelist entries have been loaded.
18. January 2020 | 17:55:11 | 0 blacklist entries have been loaded.
18. January 2020 | 17:55:11 | 0 bad words have been loaded.
18. January 2020 | 17:55:11 | 4 forbidden weapons have been loaded.
18. January 2020 | 17:55:11 | JunkBuster has been configurated.
24. January 2020 | 18:48:56 | 0 IP-bans have been loaded.
24. January 2020 | 18:48:56 | 0 temporary bans have been loaded.
24. January 2020 | 18:48:56 | 0 whitelist entries have been loaded.
24. January 2020 | 18:48:56 | 0 blacklist entries have been loaded.
24. January 2020 | 18:48:56 | 0 bad words have been loaded.
24. January 2020 | 18:48:56 | 4 forbidden weapons have been loaded.
24. January 2020 | 18:48:56 | JunkBuster has been configurated.
24. January 2020 | 18:52:19 | 0 IP-bans have been loaded.
24. January 2020 | 18:52:19 | 0 temporary bans have been loaded.
24. January 2020 | 18:52:19 | 0 whitelist entries have been loaded.
24. January 2020 | 18:52:19 | 0 blacklist entries have been loaded.
24. January 2020 | 18:52:19 | 0 bad words have been loaded.
24. January 2020 | 18:52:19 | 4 forbidden weapons have been loaded.
24. January 2020 | 18:52:19 | JunkBuster has been configurated.
25. January 2020 | 14:11:32 | 0 IP-bans have been loaded.
25. January 2020 | 14:11:32 | 0 temporary bans have been loaded.
25. January 2020 | 14:11:32 | 0 whitelist entries have been loaded.
25. January 2020 | 14:11:32 | 0 blacklist entries have been loaded.
25. January 2020 | 14:11:32 | 0 bad words have been loaded.
25. January 2020 | 14:11:32 | 4 forbidden weapons have been loaded.
25. January 2020 | 14:11:32 | JunkBuster has been configurated.
25. January 2020 | 16:51:48 | 0 IP-bans have been loaded.
25. January 2020 | 16:51:48 | 0 temporary bans have been loaded.
25. January 2020 | 16:51:48 | 0 whitelist entries have been loaded.
25. January 2020 | 16:51:48 | 0 blacklist entries have been loaded.
25. January 2020 | 16:51:48 | 0 bad words have been loaded.
25. January 2020 | 16:51:48 | 4 forbidden weapons have been loaded.
25. January 2020 | 16:51:48 | JunkBuster has been configurated.
25. January 2020 | 16:51:50 | Resetting player classes.
29. January 2020 | 16:54:58 | 0 IP-bans have been loaded.
29. January 2020 | 16:54:58 | 0 temporary bans have been loaded.
29. January 2020 | 16:54:58 | 0 whitelist entries have been loaded.
29. January 2020 | 16:54:58 | 0 blacklist entries have been loaded.
29. January 2020 | 16:54:58 | 0 bad words have been loaded.
29. January 2020 | 16:54:58 | 4 forbidden weapons have been loaded.
29. January 2020 | 16:54:58 | JunkBuster has been configurated.
7. March 2020 | 11:01:57 | 0 IP-bans have been loaded.
7. March 2020 | 11:01:57 | 0 temporary bans have been loaded.
7. March 2020 | 11:01:57 | 0 whitelist entries have been loaded.
7. March 2020 | 11:01:57 | 0 blacklist entries have been loaded.
7. March 2020 | 11:01:57 | 0 bad words have been loaded.
7. March 2020 | 11:01:57 | 4 forbidden weapons have been loaded.
7. March 2020 | 11:01:57 | JunkBuster has been configurated.
8. March 2020 | 17:47:53 | 0 IP-bans have been loaded.
8. March 2020 | 17:47:53 | 0 temporary bans have been loaded.
8. March 2020 | 17:47:53 | 0 whitelist entries have been loaded.
8. March 2020 | 17:47:53 | 0 blacklist entries have been loaded.
8. March 2020 | 17:47:53 | 0 bad words have been loaded.
8. March 2020 | 17:47:53 | 4 forbidden weapons have been loaded.
8. March 2020 | 17:47:53 | JunkBuster has been configurated.
8. March 2020 | 17:47:53 | Resetting player classes.
8. March 2020 | 17:47:55 | 0 IP-bans have been loaded.
8. March 2020 | 17:47:55 | 0 temporary bans have been loaded.
8. March 2020 | 17:47:55 | 0 whitelist entries have been loaded.
8. March 2020 | 17:47:55 | 0 blacklist entries have been loaded.
8. March 2020 | 17:47:55 | 0 bad words have been loaded.
8. March 2020 | 17:47:55 | 4 forbidden weapons have been loaded.
8. March 2020 | 17:47:55 | JunkBuster has been configurated.
8. March 2020 | 17:47:55 | Resetting player classes.
17. Novembre 2020 | 11:58:22 | 0 IP-bans have been loaded.
17. Novembre 2020 | 11:58:22 | 0 temporary bans have been loaded.
17. Novembre 2020 | 11:58:22 | 0 whitelist entries have been loaded.
17. Novembre 2020 | 11:58:22 | 0 blacklist entries have been loaded.
17. Novembre 2020 | 11:58:22 | 0 bad words have been loaded.
17. Novembre 2020 | 11:58:22 | 4 forbidden weapons have been loaded.
17. Novembre 2020 | 11:58:22 | JunkBuster has been configurated.
17. Novembre 2020 | 11:58:22 | Resetting player classes.
17. Novembre 2020 | 11:59:18 | 0 IP-bans have been loaded.
17. Novembre 2020 | 11:59:18 | 0 temporary bans have been loaded.
17. Novembre 2020 | 11:59:18 | 0 whitelist entries have been loaded.
17. Novembre 2020 | 11:59:18 | 0 blacklist entries have been loaded.
17. Novembre 2020 | 11:59:18 | 0 bad words have been loaded.
17. Novembre 2020 | 11:59:18 | 4 forbidden weapons have been loaded.
17. Novembre 2020 | 11:59:18 | JunkBuster has been configurated.
17. Novembre 2020 | 11:59:19 | Resetting player classes.
17. Novembre 2020 | 11:59:22 | 0 IP-bans have been loaded.
17. Novembre 2020 | 11:59:22 | 0 temporary bans have been loaded.
17. Novembre 2020 | 11:59:22 | 0 whitelist entries have been loaded.
17. Novembre 2020 | 11:59:23 | 0 blacklist entries have been loaded.
17. Novembre 2020 | 11:59:23 | 0 bad words have been loaded.
17. Novembre 2020 | 11:59:23 | 4 forbidden weapons have been loaded.
17. Novembre 2020 | 11:59:23 | JunkBuster has been configurated.
17. Novembre 2020 | 11:59:23 | Resetting player classes.
17. Novembre 2020 | 12:02:04 | 0 IP-bans have been loaded.
17. Novembre 2020 | 12:02:04 | 0 temporary bans have been loaded.
17. Novembre 2020 | 12:02:04 | 0 whitelist entries have been loaded.
17. Novembre 2020 | 12:02:04 | 0 blacklist entries have been loaded.
17. Novembre 2020 | 12:02:04 | 0 bad words have been loaded.
17. Novembre 2020 | 12:02:04 | 4 forbidden weapons have been loaded.
17. Novembre 2020 | 12:02:04 | JunkBuster has been configurated.
17. Novembre 2020 | 12:02:04 | Resetting player classes.
17. Novembre 2020 | 12:04:32 | 0 IP-bans have been loaded.
17. Novembre 2020 | 12:04:32 | 0 temporary bans have been loaded.
17. Novembre 2020 | 12:04:32 | 0 whitelist entries have been loaded.
17. Novembre 2020 | 12:04:32 | 0 blacklist entries have been loaded.
17. Novembre 2020 | 12:04:32 | 0 bad words have been loaded.
17. Novembre 2020 | 12:04:32 | 4 forbidden weapons have been loaded.
17. Novembre 2020 | 12:04:32 | JunkBuster has been configurated.
17. Novembre 2020 | 12:04:32 | Resetting player classes.
17. Novembre 2020 | 12:04:54 | 0 IP-bans have been loaded.
17. Novembre 2020 | 12:04:54 | 0 temporary bans have been loaded.
17. Novembre 2020 | 12:04:54 | 0 whitelist entries have been loaded.
17. Novembre 2020 | 12:04:54 | 0 blacklist entries have been loaded.
17. Novembre 2020 | 12:04:54 | 0 bad words have been loaded.
17. Novembre 2020 | 12:04:54 | 4 forbidden weapons have been loaded.
17. Novembre 2020 | 12:04:54 | JunkBuster has been configurated.
17. Novembre 2020 | 14:53:14 | 0 IP-bans have been loaded.
17. Novembre 2020 | 14:53:14 | 0 temporary bans have been loaded.
17. Novembre 2020 | 14:53:14 | 0 whitelist entries have been loaded.
17. Novembre 2020 | 14:53:14 | 0 blacklist entries have been loaded.
17. Novembre 2020 | 14:53:14 | 0 bad words have been loaded.
17. Novembre 2020 | 14:53:14 | 4 forbidden weapons have been loaded.
17. Novembre 2020 | 14:53:14 | JunkBuster has been configurated.
16. April 2022 | 15:59:30 | 0 IP-bans have been loaded.
16. April 2022 | 15:59:30 | 0 temporary bans have been loaded.
16. April 2022 | 15:59:30 | 0 whitelist entries have been loaded.
16. April 2022 | 15:59:30 | 0 blacklist entries have been loaded.
16. April 2022 | 15:59:30 | 0 bad words have been loaded.
16. April 2022 | 15:59:30 | 4 forbidden weapons have been loaded.
16. April 2022 | 15:59:30 | JunkBuster has been configurated.
16. April 2022 | 17:24:00 | 0 IP-bans have been loaded.
16. April 2022 | 17:24:00 | 0 temporary bans have been loaded.
16. April 2022 | 17:24:00 | 0 whitelist entries have been loaded.
16. April 2022 | 17:24:00 | 0 blacklist entries have been loaded.
16. April 2022 | 17:24:00 | 0 bad words have been loaded.
16. April 2022 | 17:24:00 | 4 forbidden weapons have been loaded.
16. April 2022 | 17:24:00 | JunkBuster has been configurated.
16. April 2022 | 17:32:42 | 0 IP-bans have been loaded.
16. April 2022 | 17:32:42 | 0 temporary bans have been loaded.
16. April 2022 | 17:32:42 | 0 whitelist entries have been loaded.
16. April 2022 | 17:32:42 | 0 blacklist entries have been loaded.
16. April 2022 | 17:32:42 | 0 bad words have been loaded.
16. April 2022 | 17:32:42 | 4 forbidden weapons have been loaded.
16. April 2022 | 17:32:42 | JunkBuster has been configurated.
16. April 2022 | 18:13:54 | 0 IP-bans have been loaded.
16. April 2022 | 18:13:54 | 0 temporary bans have been loaded.
16. April 2022 | 18:13:54 | 0 whitelist entries have been loaded.
16. April 2022 | 18:13:54 | 0 blacklist entries have been loaded.
16. April 2022 | 18:13:54 | 0 bad words have been loaded.
16. April 2022 | 18:13:54 | 4 forbidden weapons have been loaded.
16. April 2022 | 18:13:54 | JunkBuster has been configurated.
16. April 2022 | 18:15:55 | 0 IP-bans have been loaded.
16. April 2022 | 18:15:55 | 0 temporary bans have been loaded.
16. April 2022 | 18:15:55 | 0 whitelist entries have been loaded.
16. April 2022 | 18:15:55 | 0 blacklist entries have been loaded.
16. April 2022 | 18:15:55 | 0 bad words have been loaded.
16. April 2022 | 18:15:55 | 4 forbidden weapons have been loaded.
16. April 2022 | 18:15:55 | JunkBuster has been configurated.
16. April 2022 | 19:56:16 | 0 IP-bans have been loaded.
16. April 2022 | 19:56:16 | 0 temporary bans have been loaded.
16. April 2022 | 19:56:16 | 0 whitelist entries have been loaded.
16. April 2022 | 19:56:16 | 0 blacklist entries have been loaded.
16. April 2022 | 19:56:16 | 0 bad words have been loaded.
16. April 2022 | 19:56:16 | 4 forbidden weapons have been loaded.
16. April 2022 | 19:56:16 | JunkBuster has been configurated.
17. April 2022 | 00:42:22 | 0 IP-bans have been loaded.
17. April 2022 | 00:42:22 | 0 temporary bans have been loaded.
17. April 2022 | 00:42:22 | 0 whitelist entries have been loaded.
17. April 2022 | 00:42:22 | 0 blacklist entries have been loaded.
17. April 2022 | 00:42:22 | 0 bad words have been loaded.
17. April 2022 | 00:42:22 | 4 forbidden weapons have been loaded.
17. April 2022 | 00:42:22 | JunkBuster has been configurated.
17. April 2022 | 00:52:24 | 0 IP-bans have been loaded.
17. April 2022 | 00:52:24 | 0 temporary bans have been loaded.
17. April 2022 | 00:52:24 | 0 whitelist entries have been loaded.
17. April 2022 | 00:52:24 | 0 blacklist entries have been loaded.
17. April 2022 | 00:52:24 | 0 bad words have been loaded.
17. April 2022 | 00:52:24 | 4 forbidden weapons have been loaded.
17. April 2022 | 00:52:24 | JunkBuster has been configurated.
17. April 2022 | 00:53:18 | 0 IP-bans have been loaded.
17. April 2022 | 00:53:18 | 0 temporary bans have been loaded.
17. April 2022 | 00:53:18 | 0 whitelist entries have been loaded.
17. April 2022 | 00:53:18 | 0 blacklist entries have been loaded.
17. April 2022 | 00:53:18 | 0 bad words have been loaded.
17. April 2022 | 00:53:18 | 4 forbidden weapons have been loaded.
17. April 2022 | 00:53:18 | JunkBuster has been configurated.
17. April 2022 | 01:45:56 | 0 IP-bans have been loaded.
17. April 2022 | 01:45:56 | 0 temporary bans have been loaded.
17. April 2022 | 01:45:56 | 0 whitelist entries have been loaded.
17. April 2022 | 01:45:56 | 0 blacklist entries have been loaded.
17. April 2022 | 01:45:56 | 0 bad words have been loaded.
17. April 2022 | 01:45:56 | 4 forbidden weapons have been loaded.
17. April 2022 | 01:45:57 | JunkBuster has been configurated.
17. April 2022 | 01:52:23 | 0 IP-bans have been loaded.
17. April 2022 | 01:52:23 | 0 temporary bans have been loaded.
17. April 2022 | 01:52:23 | 0 whitelist entries have been loaded.
17. April 2022 | 01:52:23 | 0 blacklist entries have been loaded.
17. April 2022 | 01:52:23 | 0 bad words have been loaded.
17. April 2022 | 01:52:23 | 4 forbidden weapons have been loaded.
17. April 2022 | 01:52:23 | JunkBuster has been configurated.
17. April 2022 | 02:02:10 | 0 IP-bans have been loaded.
17. April 2022 | 02:02:10 | 0 temporary bans have been loaded.
17. April 2022 | 02:02:10 | 0 whitelist entries have been loaded.
17. April 2022 | 02:02:10 | 0 blacklist entries have been loaded.
17. April 2022 | 02:02:10 | 0 bad words have been loaded.
17. April 2022 | 02:02:10 | 4 forbidden weapons have been loaded.
17. April 2022 | 02:02:10 | JunkBuster has been configurated.
17. April 2022 | 02:21:17 | 0 IP-bans have been loaded.
17. April 2022 | 02:21:17 | 0 temporary bans have been loaded.
17. April 2022 | 02:21:17 | 0 whitelist entries have been loaded.
17. April 2022 | 02:21:17 | 0 blacklist entries have been loaded.
17. April 2022 | 02:21:17 | 0 bad words have been loaded.
17. April 2022 | 02:21:17 | 4 forbidden weapons have been loaded.
17. April 2022 | 02:21:17 | JunkBuster has been configurated.
17. April 2022 | 03:06:24 | 0 IP-bans have been loaded.
17. April 2022 | 03:06:24 | 0 temporary bans have been loaded.
17. April 2022 | 03:06:24 | 0 whitelist entries have been loaded.
17. April 2022 | 03:06:24 | 0 blacklist entries have been loaded.
17. April 2022 | 03:06:24 | 0 bad words have been loaded.
17. April 2022 | 03:06:24 | 4 forbidden weapons have been loaded.
17. April 2022 | 03:06:24 | JunkBuster has been configurated.
17. April 2022 | 03:19:19 | 0 IP-bans have been loaded.
17. April 2022 | 03:19:19 | 0 temporary bans have been loaded.
17. April 2022 | 03:19:19 | 0 whitelist entries have been loaded.
17. April 2022 | 03:19:19 | 0 blacklist entries have been loaded.
17. April 2022 | 03:19:19 | 0 bad words have been loaded.
17. April 2022 | 03:19:19 | 4 forbidden weapons have been loaded.
17. April 2022 | 03:19:19 | JunkBuster has been configurated.
17. April 2022 | 03:21:36 | 0 IP-bans have been loaded.
17. April 2022 | 03:21:36 | 0 temporary bans have been loaded.
17. April 2022 | 03:21:36 | 0 whitelist entries have been loaded.
17. April 2022 | 03:21:36 | 0 blacklist entries have been loaded.
17. April 2022 | 03:21:36 | 0 bad words have been loaded.
17. April 2022 | 03:21:36 | 4 forbidden weapons have been loaded.
17. April 2022 | 03:21:36 | JunkBuster has been configurated.
17. April 2022 | 03:22:28 | 0 IP-bans have been loaded.
17. April 2022 | 03:22:28 | 0 temporary bans have been loaded.
17. April 2022 | 03:22:28 | 0 whitelist entries have been loaded.
17. April 2022 | 03:22:28 | 0 blacklist entries have been loaded.
17. April 2022 | 03:22:28 | 0 bad words have been loaded.
17. April 2022 | 03:22:28 | 4 forbidden weapons have been loaded.
17. April 2022 | 03:22:28 | JunkBuster has been configurated.
17. April 2022 | 03:49:41 | 0 IP-bans have been loaded.
17. April 2022 | 03:49:41 | 0 temporary bans have been loaded.
17. April 2022 | 03:49:41 | 0 whitelist entries have been loaded.
17. April 2022 | 03:49:41 | 0 blacklist entries have been loaded.
17. April 2022 | 03:49:41 | 0 bad words have been loaded.
17. April 2022 | 03:49:41 | 4 forbidden weapons have been loaded.
17. April 2022 | 03:49:41 | JunkBuster has been configurated.
17. April 2022 | 03:54:57 | 0 IP-bans have been loaded.
17. April 2022 | 03:54:57 | 0 temporary bans have been loaded.
17. April 2022 | 03:54:57 | 0 whitelist entries have been loaded.
17. April 2022 | 03:54:57 | 0 blacklist entries have been loaded.
17. April 2022 | 03:54:57 | 0 bad words have been loaded.
17. April 2022 | 03:54:57 | 4 forbidden weapons have been loaded.
17. April 2022 | 03:54:57 | JunkBuster has been configurated.
17. April 2022 | 17:03:49 | 0 IP-bans have been loaded.
17. April 2022 | 17:03:49 | 0 temporary bans have been loaded.
17. April 2022 | 17:03:49 | 0 whitelist entries have been loaded.
17. April 2022 | 17:03:49 | 0 blacklist entries have been loaded.
17. April 2022 | 17:03:49 | 0 bad words have been loaded.
17. April 2022 | 17:03:49 | 4 forbidden weapons have been loaded.
17. April 2022 | 17:03:49 | JunkBuster has been configurated.
17. April 2022 | 18:20:41 | 0 IP-bans have been loaded.
17. April 2022 | 18:20:41 | 0 temporary bans have been loaded.
17. April 2022 | 18:20:41 | 0 whitelist entries have been loaded.
17. April 2022 | 18:20:41 | 0 blacklist entries have been loaded.
17. April 2022 | 18:20:41 | 0 bad words have been loaded.
17. April 2022 | 18:20:41 | 4 forbidden weapons have been loaded.
17. April 2022 | 18:20:41 | JunkBuster has been configurated.
20. April 2022 | 23:12:15 | 0 IP-bans have been loaded.
20. April 2022 | 23:12:15 | 0 temporary bans have been loaded.
20. April 2022 | 23:12:15 | 0 whitelist entries have been loaded.
20. April 2022 | 23:12:15 | 0 blacklist entries have been loaded.
20. April 2022 | 23:12:15 | 0 bad words have been loaded.
20. April 2022 | 23:12:15 | 4 forbidden weapons have been loaded.
20. April 2022 | 23:12:15 | JunkBuster has been configurated.
20. April 2022 | 23:17:57 | 0 IP-bans have been loaded.
20. April 2022 | 23:17:57 | 0 temporary bans have been loaded.
20. April 2022 | 23:17:57 | 0 whitelist entries have been loaded.
20. April 2022 | 23:17:57 | 0 blacklist entries have been loaded.
20. April 2022 | 23:17:57 | 0 bad words have been loaded.
20. April 2022 | 23:17:57 | 4 forbidden weapons have been loaded.
20. April 2022 | 23:17:57 | JunkBuster has been configurated.
